INFO	[2018-01-18 11:55:43:555] <22786> START INIPHP cancel (V5036-141209)(OS:Linux2.6.32-696.16.1.el6.x86_64,PHP:5.3.3)
DEBUG	[2018-01-18 11:55:43:555] <22786> inipayhome:/home/was/shop/shop/inicis
DEBUG	[2018-01-18 11:55:43:555] <22786> debug:false
DEBUG	[2018-01-18 11:55:43:555] <22786> type:cancel
DEBUG	[2018-01-18 11:55:43:555] <22786> mid:keydak0000
DEBUG	[2018-01-18 11:55:43:555] <22786> admin:1111
DEBUG	[2018-01-18 11:55:43:555] <22786> tid:StdpayVBNKkeydak000020180108190835240491
DEBUG	[2018-01-18 11:55:43:555] <22786> cancelmsg:주문자 본인 취소-kljkl
INFO	[2018-01-18 11:55:43:555] <22786> Check Field OK
INFO	[2018-01-18 11:55:43:556] <22786> PI PUB KEY LOAD OK []
INFO	[2018-01-18 11:55:43:557] <22786> PG PUB KEY LOAD OK [30]
INFO	[2018-01-18 11:55:43:558] <22786> MERCHANT PRIV KEY LOAD OK
INFO	[2018-01-18 11:55:43:558] <22786> MERCHANT PUB KEY LOAD OK [0]
INFO	[2018-01-18 11:56:34:45] <22617> START INIPHP cancel (V5036-141209)(OS:Linux2.6.32-696.16.1.el6.x86_64,PHP:5.3.3)
DEBUG	[2018-01-18 11:56:34:45] <22617> inipayhome:/home/was/shop/shop/inicis
DEBUG	[2018-01-18 11:56:34:45] <22617> debug:false
DEBUG	[2018-01-18 11:56:34:45] <22617> type:cancel
DEBUG	[2018-01-18 11:56:34:45] <22617> mid:keydak0000
DEBUG	[2018-01-18 11:56:34:45] <22617> admin:1111
DEBUG	[2018-01-18 11:56:34:45] <22617> tid:StdpayVBNKkeydak000020180108190835240491
DEBUG	[2018-01-18 11:56:34:45] <22617> cancelmsg:주문자 본인 취소-jkl
INFO	[2018-01-18 11:56:34:45] <22617> Check Field OK
INFO	[2018-01-18 11:56:34:45] <22617> PI PUB KEY LOAD OK []
INFO	[2018-01-18 11:56:34:46] <22617> PG PUB KEY LOAD OK [30]
INFO	[2018-01-18 11:56:34:46] <22617> MERCHANT PRIV KEY LOAD OK
INFO	[2018-01-18 11:56:34:46] <22617> MERCHANT PUB KEY LOAD OK [0]
