INFO	[2017-12-27 17:37:38:931] <3262> START INIPHP cancel (V5036-141209)(OS:Linux2.6.32-696.16.1.el6.x86_64,PHP:5.3.3)
DEBUG	[2017-12-27 17:37:38:931] <3262> inipayhome:/home/was/shop/shop/inicis
DEBUG	[2017-12-27 17:37:38:931] <3262> debug:false
DEBUG	[2017-12-27 17:37:38:931] <3262> type:cancel
DEBUG	[2017-12-27 17:37:38:931] <3262> mid:keydak0000
DEBUG	[2017-12-27 17:37:38:931] <3262> admin:1111
DEBUG	[2017-12-27 17:37:38:931] <3262> tid:StdpayVBNKkeydak000020171227125801242068
DEBUG	[2017-12-27 17:37:38:931] <3262> cancelmsg:주문자 본인 취소-제품구매의사 없어짐
INFO	[2017-12-27 17:37:38:932] <3262> Check Field OK
INFO	[2017-12-27 17:37:38:932] <3262> PI PUB KEY LOAD OK []
INFO	[2017-12-27 17:37:38:935] <3262> PG PUB KEY LOAD OK [30]
INFO	[2017-12-27 17:37:38:935] <3262> MERCHANT PRIV KEY LOAD OK
INFO	[2017-12-27 17:37:38:936] <3262> MERCHANT PUB KEY LOAD OK [0]
INFO	[2017-12-27 17:38:07:989] <18614> START INIPHP cancel (V5036-141209)(OS:Linux2.6.32-696.16.1.el6.x86_64,PHP:5.3.3)
DEBUG	[2017-12-27 17:38:07:989] <18614> inipayhome:/home/was/shop/shop/inicis
DEBUG	[2017-12-27 17:38:07:989] <18614> debug:false
DEBUG	[2017-12-27 17:38:07:989] <18614> type:cancel
DEBUG	[2017-12-27 17:38:07:989] <18614> mid:keydak0000
DEBUG	[2017-12-27 17:38:07:989] <18614> admin:1111
DEBUG	[2017-12-27 17:38:07:989] <18614> tid:StdpayVBNKkeydak000020171227125801242068
DEBUG	[2017-12-27 17:38:07:989] <18614> cancelmsg:주문자 본인 취소-ㅌㅌㅌ
INFO	[2017-12-27 17:38:07:989] <18614> Check Field OK
INFO	[2017-12-27 17:38:07:989] <18614> PI PUB KEY LOAD OK []
INFO	[2017-12-27 17:38:07:990] <18614> PG PUB KEY LOAD OK [30]
INFO	[2017-12-27 17:38:07:990] <18614> MERCHANT PRIV KEY LOAD OK
INFO	[2017-12-27 17:38:07:990] <18614> MERCHANT PUB KEY LOAD OK [0]
INFO	[2017-12-27 17:44:01:892] <16627> START INIPHP cancel (V5036-141209)(OS:Linux2.6.32-696.16.1.el6.x86_64,PHP:5.3.3)
DEBUG	[2017-12-27 17:44:01:892] <16627> inipayhome:/home/was/shop/shop/inicis
DEBUG	[2017-12-27 17:44:01:892] <16627> debug:false
DEBUG	[2017-12-27 17:44:01:892] <16627> type:cancel
DEBUG	[2017-12-27 17:44:01:892] <16627> mid:keydak0000
DEBUG	[2017-12-27 17:44:01:892] <16627> admin:1111
DEBUG	[2017-12-27 17:44:01:892] <16627> tid:StdpayVBNKkeydak000020171227125801242068
DEBUG	[2017-12-27 17:44:01:892] <16627> cancelmsg:주문자 본인 취소-...
INFO	[2017-12-27 17:44:01:892] <16627> Check Field OK
INFO	[2017-12-27 17:44:01:892] <16627> PI PUB KEY LOAD OK []
INFO	[2017-12-27 17:44:01:893] <16627> PG PUB KEY LOAD OK [30]
INFO	[2017-12-27 17:44:01:893] <16627> MERCHANT PRIV KEY LOAD OK
INFO	[2017-12-27 17:44:01:893] <16627> MERCHANT PUB KEY LOAD OK [0]
