INFO	[2017-09-25 00:41:52:594] <4645> START INIPHP cancel (V5036-141209)(OS:Linux2.6.32-696.10.1.el6.x86_64,PHP:5.3.3)
DEBUG	[2017-09-25 00:41:52:594] <4645> inipayhome:/home/was/shop/shop/inicis
DEBUG	[2017-09-25 00:41:52:594] <4645> debug:false
DEBUG	[2017-09-25 00:41:52:594] <4645> type:cancel
DEBUG	[2017-09-25 00:41:52:594] <4645> tid:StdpayVBNKkeydak000020170925002326503213
DEBUG	[2017-09-25 00:41:52:594] <4645> cancelmsg:DB FAIL
ERROR	[2017-09-25 00:41:52:607] <4645> 필수항목(mid)이 누락되었습니다.
INFO	[2017-09-25 00:41:52:607] <4645> END cancel [TX9202|필수항목(mid)이 누락되었습니다.] Laptime:[0.013sec]
INFO	[2017-09-25 00:41:52:607] <4645> ===============================================================
INFO	[2017-09-25 00:43:32:640] <10164> START INIPHP cancel (V5036-141209)(OS:Linux2.6.32-696.10.1.el6.x86_64,PHP:5.3.3)
DEBUG	[2017-09-25 00:43:32:640] <10164> inipayhome:/home/was/shop/shop/inicis
DEBUG	[2017-09-25 00:43:32:640] <10164> debug:false
DEBUG	[2017-09-25 00:43:32:640] <10164> type:cancel
DEBUG	[2017-09-25 00:43:32:640] <10164> tid:StdpayVBNKkeydak000020170925002506245389
DEBUG	[2017-09-25 00:43:32:640] <10164> cancelmsg:DB FAIL
ERROR	[2017-09-25 00:43:32:650] <10164> 필수항목(mid)이 누락되었습니다.
INFO	[2017-09-25 00:43:32:650] <10164> END cancel [TX9202|필수항목(mid)이 누락되었습니다.] Laptime:[0.01sec]
INFO	[2017-09-25 00:43:32:650] <10164> ===============================================================
INFO	[2017-09-25 11:26:05:908] <20454> START INIPHP cancel (V5036-141209)(OS:Linux2.6.32-696.10.1.el6.x86_64,PHP:5.3.3)
DEBUG	[2017-09-25 11:26:05:908] <20454> inipayhome:/home/was/shop/shop/inicis
DEBUG	[2017-09-25 11:26:05:908] <20454> debug:false
DEBUG	[2017-09-25 11:26:05:908] <20454> type:cancel
DEBUG	[2017-09-25 11:26:05:908] <20454> tid:StdpayVBNKkeydak000020170925110739651131
DEBUG	[2017-09-25 11:26:05:908] <20454> cancelmsg:DB FAIL
ERROR	[2017-09-25 11:26:10:927] <20454> 필수항목(mid)이 누락되었습니다.
INFO	[2017-09-25 11:26:10:927] <20454> END cancel [TX9202|필수항목(mid)이 누락되었습니다.] Laptime:[5.019sec]
INFO	[2017-09-25 11:26:10:927] <20454> ===============================================================
