INFO	[2017-12-07 12:39:33:499] <4884> START INIPHP cancel (V5036-141209)(OS:Linux2.6.32-696.10.1.el6.x86_64,PHP:5.3.3)
DEBUG	[2017-12-07 12:39:33:499] <4884> inipayhome:/home/was/shop/shop/inicis
DEBUG	[2017-12-07 12:39:33:499] <4884> debug:false
DEBUG	[2017-12-07 12:39:33:499] <4884> type:cancel
DEBUG	[2017-12-07 12:39:33:499] <4884> mid:keydak0000
DEBUG	[2017-12-07 12:39:33:499] <4884> admin:1111
DEBUG	[2017-12-07 12:39:33:499] <4884> tid:StdpayVBNKkeydak000020171205163535762607
DEBUG	[2017-12-07 12:39:33:499] <4884> cancelmsg:주문자 본인 취소-재주문
INFO	[2017-12-07 12:39:33:499] <4884> Check Field OK
INFO	[2017-12-07 12:39:33:499] <4884> PI PUB KEY LOAD OK []
INFO	[2017-12-07 12:39:33:500] <4884> PG PUB KEY LOAD OK [30]
INFO	[2017-12-07 12:39:33:500] <4884> MERCHANT PRIV KEY LOAD OK
INFO	[2017-12-07 12:39:33:500] <4884> MERCHANT PUB KEY LOAD OK [0]
INFO	[2017-12-07 16:18:15:354] <11297> START INIPHP cancel (V5036-141209)(OS:Linux2.6.32-696.10.1.el6.x86_64,PHP:5.3.3)
DEBUG	[2017-12-07 16:18:15:354] <11297> inipayhome:/home/was/shop/shop/inicis
DEBUG	[2017-12-07 16:18:15:354] <11297> debug:false
DEBUG	[2017-12-07 16:18:15:354] <11297> type:cancel
DEBUG	[2017-12-07 16:18:15:354] <11297> mid:keydak0000
DEBUG	[2017-12-07 16:18:15:354] <11297> admin:1111
DEBUG	[2017-12-07 16:18:15:354] <11297> tid:StdpayVBNKkeydak000020171027145843912271
DEBUG	[2017-12-07 16:18:15:354] <11297> cancelmsg:주문자 본인 취소-다른 곳에서 이미 주문함 
INFO	[2017-12-07 16:18:15:354] <11297> Check Field OK
INFO	[2017-12-07 16:18:15:354] <11297> PI PUB KEY LOAD OK []
INFO	[2017-12-07 16:18:15:355] <11297> PG PUB KEY LOAD OK [30]
INFO	[2017-12-07 16:18:15:355] <11297> MERCHANT PRIV KEY LOAD OK
INFO	[2017-12-07 16:18:15:355] <11297> MERCHANT PUB KEY LOAD OK [0]
INFO	[2017-12-07 16:18:44:507] <11292> START INIPHP cancel (V5036-141209)(OS:Linux2.6.32-696.10.1.el6.x86_64,PHP:5.3.3)
DEBUG	[2017-12-07 16:18:44:507] <11292> inipayhome:/home/was/shop/shop/inicis
DEBUG	[2017-12-07 16:18:44:507] <11292> debug:false
DEBUG	[2017-12-07 16:18:44:507] <11292> type:cancel
DEBUG	[2017-12-07 16:18:44:507] <11292> mid:keydak0000
DEBUG	[2017-12-07 16:18:44:507] <11292> admin:1111
DEBUG	[2017-12-07 16:18:44:507] <11292> tid:StdpayVBNKkeydak000020171027145843912271
DEBUG	[2017-12-07 16:18:44:507] <11292> cancelmsg:주문자 본인 취소-다른 쇼핑몰에서 구입함 
INFO	[2017-12-07 16:18:44:507] <11292> Check Field OK
INFO	[2017-12-07 16:18:44:507] <11292> PI PUB KEY LOAD OK []
INFO	[2017-12-07 16:18:44:508] <11292> PG PUB KEY LOAD OK [30]
INFO	[2017-12-07 16:18:44:508] <11292> MERCHANT PRIV KEY LOAD OK
INFO	[2017-12-07 16:18:44:508] <11292> MERCHANT PUB KEY LOAD OK [0]
