INFO	[2017-11-03 16:36:08:713] <13883> START INIPHP cancel (V5036-141209)(OS:Linux2.6.32-696.10.1.el6.x86_64,PHP:5.3.3)
DEBUG	[2017-11-03 16:36:08:713] <13883> inipayhome:/home/was/shop/shop/inicis
DEBUG	[2017-11-03 16:36:08:713] <13883> debug:false
DEBUG	[2017-11-03 16:36:08:713] <13883> type:cancel
DEBUG	[2017-11-03 16:36:08:713] <13883> tid:StdpayCARDkeydak000020171103163611237729
DEBUG	[2017-11-03 16:36:08:713] <13883> cancelmsg:DB FAIL
ERROR	[2017-11-03 16:36:13:735] <13883> 필수항목(mid)이 누락되었습니다.
INFO	[2017-11-03 16:36:13:735] <13883> END cancel [TX9202|필수항목(mid)이 누락되었습니다.] Laptime:[5.022sec]
INFO	[2017-11-03 16:36:13:735] <13883> ===============================================================
INFO	[2017-11-03 16:38:48:824] <17939> START INIPHP cancel (V5036-141209)(OS:Linux2.6.32-696.10.1.el6.x86_64,PHP:5.3.3)
DEBUG	[2017-11-03 16:38:48:824] <17939> inipayhome:/home/was/shop/shop/inicis
DEBUG	[2017-11-03 16:38:48:824] <17939> debug:false
DEBUG	[2017-11-03 16:38:48:824] <17939> type:cancel
DEBUG	[2017-11-03 16:38:48:824] <17939> tid:StdpayCARDkeydak000020171103163851099674
DEBUG	[2017-11-03 16:38:48:824] <17939> cancelmsg:DB FAIL
ERROR	[2017-11-03 16:38:48:833] <17939> 필수항목(mid)이 누락되었습니다.
INFO	[2017-11-03 16:38:48:833] <17939> END cancel [TX9202|필수항목(mid)이 누락되었습니다.] Laptime:[0.009sec]
INFO	[2017-11-03 16:38:48:833] <17939> ===============================================================
INFO	[2017-11-03 16:41:07:285] <22983> START INIPHP cancel (V5036-141209)(OS:Linux2.6.32-696.10.1.el6.x86_64,PHP:5.3.3)
DEBUG	[2017-11-03 16:41:07:285] <22983> inipayhome:/home/was/shop/shop/inicis
DEBUG	[2017-11-03 16:41:07:285] <22983> debug:false
DEBUG	[2017-11-03 16:41:07:285] <22983> type:cancel
DEBUG	[2017-11-03 16:41:07:285] <22983> tid:StdpayVBNKkeydak000020171103164110242529
DEBUG	[2017-11-03 16:41:07:285] <22983> cancelmsg:DB FAIL
ERROR	[2017-11-03 16:41:07:295] <22983> 필수항목(mid)이 누락되었습니다.
INFO	[2017-11-03 16:41:07:295] <22983> END cancel [TX9202|필수항목(mid)이 누락되었습니다.] Laptime:[0.009sec]
INFO	[2017-11-03 16:41:07:295] <22983> ===============================================================
