INFO	[2018-03-09 11:08:43:889] <2313> START INIPHP cancel (V5036-141209)(OS:Linux2.6.32-696.16.1.el6.x86_64,PHP:5.3.3)
DEBUG	[2018-03-09 11:08:43:889] <2313> inipayhome:/home/was/shop/shop/inicis
DEBUG	[2018-03-09 11:08:43:889] <2313> debug:false
DEBUG	[2018-03-09 11:08:43:889] <2313> type:cancel
DEBUG	[2018-03-09 11:08:43:889] <2313> tid:StdpayVBNKkeydak000020180309110945406687
DEBUG	[2018-03-09 11:08:43:889] <2313> cancelmsg:DB FAIL
ERROR	[2018-03-09 11:08:43:902] <2313> 필수항목(mid)이 누락되었습니다.
INFO	[2018-03-09 11:08:43:902] <2313> END cancel [TX9202|필수항목(mid)이 누락되었습니다.] Laptime:[0.014sec]
INFO	[2018-03-09 11:08:43:902] <2313> ===============================================================
INFO	[2018-03-09 11:10:31:864] <3125> START INIPHP cancel (V5036-141209)(OS:Linux2.6.32-696.16.1.el6.x86_64,PHP:5.3.3)
DEBUG	[2018-03-09 11:10:31:864] <3125> inipayhome:/home/was/shop/shop/inicis
DEBUG	[2018-03-09 11:10:31:864] <3125> debug:false
DEBUG	[2018-03-09 11:10:31:864] <3125> type:cancel
DEBUG	[2018-03-09 11:10:31:864] <3125> tid:StdpayVBNKkeydak000020180309111128367565
DEBUG	[2018-03-09 11:10:31:864] <3125> cancelmsg:DB FAIL
ERROR	[2018-03-09 11:10:31:878] <3125> 필수항목(mid)이 누락되었습니다.
INFO	[2018-03-09 11:10:31:878] <3125> END cancel [TX9202|필수항목(mid)이 누락되었습니다.] Laptime:[0.013sec]
INFO	[2018-03-09 11:10:31:878] <3125> ===============================================================
INFO	[2018-03-09 11:12:01:450] <4526> START INIPHP cancel (V5036-141209)(OS:Linux2.6.32-696.16.1.el6.x86_64,PHP:5.3.3)
DEBUG	[2018-03-09 11:12:01:451] <4526> inipayhome:/home/was/shop/shop/inicis
DEBUG	[2018-03-09 11:12:01:451] <4526> debug:false
DEBUG	[2018-03-09 11:12:01:451] <4526> type:cancel
DEBUG	[2018-03-09 11:12:01:451] <4526> tid:StdpayVBNKkeydak000020180309111257912888
DEBUG	[2018-03-09 11:12:01:451] <4526> cancelmsg:DB FAIL
ERROR	[2018-03-09 11:12:01:466] <4526> 필수항목(mid)이 누락되었습니다.
INFO	[2018-03-09 11:12:01:467] <4526> END cancel [TX9202|필수항목(mid)이 누락되었습니다.] Laptime:[0.016sec]
INFO	[2018-03-09 11:12:01:467] <4526> ===============================================================
INFO	[2018-03-09 11:16:57:506] <3116> START INIPHP cancel (V5036-141209)(OS:Linux2.6.32-696.16.1.el6.x86_64,PHP:5.3.3)
DEBUG	[2018-03-09 11:16:57:506] <3116> inipayhome:/home/was/shop/shop/inicis
DEBUG	[2018-03-09 11:16:57:506] <3116> debug:false
DEBUG	[2018-03-09 11:16:57:506] <3116> type:cancel
DEBUG	[2018-03-09 11:16:57:506] <3116> tid:StdpayVBNKkeydak000020180309111750915398
DEBUG	[2018-03-09 11:16:57:506] <3116> cancelmsg:DB FAIL
ERROR	[2018-03-09 11:17:02:523] <3116> 필수항목(mid)이 누락되었습니다.
INFO	[2018-03-09 11:17:02:523] <3116> END cancel [TX9202|필수항목(mid)이 누락되었습니다.] Laptime:[5.018sec]
INFO	[2018-03-09 11:17:02:523] <3116> ===============================================================
INFO	[2018-03-09 12:41:32:724] <11420> START INIPHP cancel (V5036-141209)(OS:Linux2.6.32-696.16.1.el6.x86_64,PHP:5.3.3)
DEBUG	[2018-03-09 12:41:32:724] <11420> inipayhome:/home/was/shop/shop/inicis
DEBUG	[2018-03-09 12:41:32:724] <11420> debug:false
DEBUG	[2018-03-09 12:41:32:724] <11420> type:cancel
DEBUG	[2018-03-09 12:41:32:724] <11420> tid:StdpayVBNKkeydak000020180309124234369164
DEBUG	[2018-03-09 12:41:32:724] <11420> cancelmsg:DB FAIL
ERROR	[2018-03-09 12:41:32:735] <11420> 필수항목(mid)이 누락되었습니다.
INFO	[2018-03-09 12:41:32:736] <11420> END cancel [TX9202|필수항목(mid)이 누락되었습니다.] Laptime:[0.012sec]
INFO	[2018-03-09 12:41:32:736] <11420> ===============================================================
INFO	[2018-03-09 15:26:51:698] <14844> START INIPHP cancel (V5036-141209)(OS:Linux2.6.32-696.16.1.el6.x86_64,PHP:5.3.3)
DEBUG	[2018-03-09 15:26:51:698] <14844> inipayhome:/home/was/shop/shop/inicis
DEBUG	[2018-03-09 15:26:51:698] <14844> debug:false
DEBUG	[2018-03-09 15:26:51:698] <14844> type:cancel
DEBUG	[2018-03-09 15:26:51:698] <14844> tid:StdpayISP_keydak000020180309152752588976
DEBUG	[2018-03-09 15:26:51:698] <14844> cancelmsg:DB FAIL
ERROR	[2018-03-09 15:26:59:817] <14844> 필수항목(mid)이 누락되었습니다.
INFO	[2018-03-09 15:26:59:817] <14844> END cancel [TX9202|필수항목(mid)이 누락되었습니다.] Laptime:[8.119sec]
INFO	[2018-03-09 15:26:59:817] <14844> ===============================================================
