INFO	[2018-04-25 20:46:13:479] <30379> START INIPHP cancel (V5036-141209)(OS:Linux2.6.32-696.16.1.el6.x86_64,PHP:5.3.3)
DEBUG	[2018-04-25 20:46:13:479] <30379> inipayhome:/home/was/shop/shop/inicis
DEBUG	[2018-04-25 20:46:13:479] <30379> debug:false
DEBUG	[2018-04-25 20:46:13:479] <30379> type:cancel
DEBUG	[2018-04-25 20:46:13:479] <30379> mid:keydak0000
DEBUG	[2018-04-25 20:46:13:479] <30379> admin:1111
DEBUG	[2018-04-25 20:46:13:479] <30379> tid:StdpayVBNKkeydak000020180425171335439510
DEBUG	[2018-04-25 20:46:13:479] <30379> cancelmsg:ÁÖ¹®ÀÚ º»ÀÎ Ãë¼Ò-.
INFO	[2018-04-25 20:46:13:480] <30379> Check Field OK
INFO	[2018-04-25 20:46:13:480] <30379> PI PUB KEY LOAD OK []
INFO	[2018-04-25 20:46:13:483] <30379> PG PUB KEY LOAD OK [30]
INFO	[2018-04-25 20:46:13:483] <30379> MERCHANT PRIV KEY LOAD OK
INFO	[2018-04-25 20:46:13:483] <30379> MERCHANT PUB KEY LOAD OK [0]
DEBUG	[2018-04-25 20:46:13:487] <30379> MAKE ENCRYPT OK[<?xml version="1.0" encoding="UTF-8"?>
<CancelInfo>
	  <CancelTID>StdpayVBNKkeydak000020180425171335439510</CancelTID>
	  <CancelMsg urlencode="1">%C1%D6%B9%AE%C0%DA+%BA%BB%C0%CE+%C3%EB%BC%D2-.</CancelMsg>
	  <CancelReason/></CancelInfo>]
INFO	[2018-04-25 20:46:13:488] <30379> MAKE BODY OK
INFO	[2018-04-25 20:46:13:489] <30379> SIGN OK
INFO	[2018-04-25 20:46:13:489] <30379> MAKE HEAD OK
INFO	[2018-04-25 20:46:13:489] <30379> MSG_TO_PG:[0093700175D SHA1                   0                                      300420keydak0000                    StdpayVBNKkeydak000020180425171335439510<?xml version="1.0" encoding="UTF-8"?>
<INIpay>
	  <CancelInfo>
	    <SessionKey>X1YZ7U1It477YA16cG07cJsu19F/2/V2kKj16nXEUJMyPRxxc5OA0jgIiGc5MPAT
WKtRIkDMxAzy2FBOGLhmGm/yEMOAEkM96VthxWxbidNemFN6be4PUKcM5YqJ2Ek8
HXhdXQeB2Uo84UTesXb72W9xibuxzG7UsZYXfdKoQa1aFodF2aKmNA==
</SessionKey>
	    <Encrypted>cd7WVcInme5nRGp0tOnbhdvS1DzmCNyKieqQzyoGZqigbExBczfg3ut8dcgge4HZ
BX8kZmhmyshrdH5m4DJvLjRGEVaXu2WLT1Sn8Qe1Hx/EImcs2fzZlBpcJ5fONjID
XhwqSDrSkCyzD6+2+XNXJtmsU/M6ZCWwGINW7V0LF1spFxQvSEr4cO/zgXqHHowQ
aKTxnZgmMDOh+7EvRYEpEHOgGwfNhT4HCStUmoHIOaVhOhNKYZkMQkjRKdXvrIYM
Gi6FueHGcfdVDHYeGoJyQLaqQMk1MkX+Udx3ituz06AqePVnzFxXi7nYddMp6nXQ
</Encrypted></CancelInfo>
	  <ReservedInfo>
	    <MReserved1/>
	    <MReserved2/>
	    <MReserved3/></ReservedInfo>
	  <ManageInfo>
	    <Language/>
	    <URL/>
	    <TXVersion>5036B141209canceLinux     PHPchkfake   2.6.32-696.16.1.el6.x86_64PHP:</TXVersion>
	    <TXUserID/>
	    <TXRegNum/></ManageInfo></INIpay>ABzGxOMetTeqwNd5hk560Qmp4bX9Jz6QxbH0snnAlf7VVqg9G5Egk6QhDFUSYml/
o0iSnD8wQskBSwEB3IohCUvsHFUNIaSSzFNCVl9NT2x1Eg7h78zIKXvsQYqIpsUp
P0wnj/PC+P/usmD7vnTqC8YBFmarZUfu4dmigwm9/WpN
]
INFO	[2018-04-25 20:46:13:490] <30379> DNS LOOKUP OK(203.238.37.3:203.238.37.3:34049) laptime:0
ERROR	[2018-04-25 20:46:18:495] <30379> [203.238.37.3ì†Œì¼“ì—°ê²°ì˜¤ë¥˜(MAIN)::PG2ë¡œ ì „í™˜
INFO	[2018-04-25 20:46:18:515] <30379> DNS LOOKUP OK(drpg.inicis.com:211.219.96.180:34049) laptime:0.004
ERROR	[2018-04-25 20:46:23:521] <30379> [drpg.inicis.comì†Œì¼“ì—°ê²°ì˜¤ë¥˜(MAIN)::(115)(Operation now in progress)
INFO	[2018-04-25 20:46:23:532] <30379> END cancel [TX9509|[drpg.inicis.comì†Œì¼“ì—°ê²°ì˜¤ë¥˜(MAIN)::(115)(Operation now in progress)] Laptime:[10.053sec]
INFO	[2018-04-25 20:46:23:532] <30379> ===============================================================
