INFO	[2017-10-02 04:47:04:947] <19351> START INIPHP cancel (V5036-141209)(OS:Linux2.6.32-696.10.1.el6.x86_64,PHP:5.3.3)
DEBUG	[2017-10-02 04:47:04:948] <19351> inipayhome:/home/was/shop/shop/inicis
DEBUG	[2017-10-02 04:47:04:948] <19351> debug:false
DEBUG	[2017-10-02 04:47:04:948] <19351> type:cancel
DEBUG	[2017-10-02 04:47:04:948] <19351> mid:keydak0000
DEBUG	[2017-10-02 04:47:04:948] <19351> admin:1111
DEBUG	[2017-10-02 04:47:04:948] <19351> tid:StdpayCARDkeydak000020170926133517472733
DEBUG	[2017-10-02 04:47:04:948] <19351> cancelmsg:¼îÇÎ¸ô ¿î¿µÀÚ ½ÂÀÎ Ãë¼Ò
INFO	[2017-10-02 04:47:04:948] <19351> Check Field OK
INFO	[2017-10-02 04:47:04:948] <19351> PI PUB KEY LOAD OK []
INFO	[2017-10-02 04:47:04:948] <19351> PG PUB KEY LOAD OK [30]
INFO	[2017-10-02 04:47:04:948] <19351> MERCHANT PRIV KEY LOAD OK
INFO	[2017-10-02 04:47:04:948] <19351> MERCHANT PUB KEY LOAD OK [0]
INFO	[2017-10-02 04:50:59:872] <19350> START INIPHP cancel (V5036-141209)(OS:Linux2.6.32-696.10.1.el6.x86_64,PHP:5.3.3)
DEBUG	[2017-10-02 04:50:59:872] <19350> inipayhome:/home/was/shop/shop/inicis
DEBUG	[2017-10-02 04:50:59:872] <19350> debug:false
DEBUG	[2017-10-02 04:50:59:872] <19350> type:cancel
DEBUG	[2017-10-02 04:50:59:872] <19350> mid:keydak0000
DEBUG	[2017-10-02 04:50:59:872] <19350> admin:1111
DEBUG	[2017-10-02 04:50:59:872] <19350> tid:StdpayCARDkeydak000020170926133517472733
DEBUG	[2017-10-02 04:50:59:872] <19350> cancelmsg:¼îÇÎ¸ô ¿î¿µÀÚ ½ÂÀÎ Ãë¼Ò
INFO	[2017-10-02 04:50:59:872] <19350> Check Field OK
INFO	[2017-10-02 04:50:59:872] <19350> PI PUB KEY LOAD OK []
INFO	[2017-10-02 04:50:59:873] <19350> PG PUB KEY LOAD OK [30]
INFO	[2017-10-02 04:50:59:873] <19350> MERCHANT PRIV KEY LOAD OK
INFO	[2017-10-02 04:50:59:873] <19350> MERCHANT PUB KEY LOAD OK [0]
