INFO	[2017-12-05 16:36:17:964] <30791> START INIPHP cancel (V5036-141209)(OS:Linux2.6.32-696.10.1.el6.x86_64,PHP:5.3.3)
DEBUG	[2017-12-05 16:36:17:964] <30791> inipayhome:/home/was/shop/shop/inicis
DEBUG	[2017-12-05 16:36:17:964] <30791> debug:false
DEBUG	[2017-12-05 16:36:17:964] <30791> type:cancel
DEBUG	[2017-12-05 16:36:17:964] <30791> mid:keydak0000
DEBUG	[2017-12-05 16:36:17:964] <30791> admin:1111
DEBUG	[2017-12-05 16:36:17:964] <30791> tid:StdpayVBNKkeydak000020171205163535762607
DEBUG	[2017-12-05 16:36:17:964] <30791> cancelmsg:주문자 본인 취소-결재방법 바꿈
INFO	[2017-12-05 16:36:17:964] <30791> Check Field OK
INFO	[2017-12-05 16:36:17:964] <30791> PI PUB KEY LOAD OK []
INFO	[2017-12-05 16:36:17:965] <30791> PG PUB KEY LOAD OK [30]
INFO	[2017-12-05 16:36:17:965] <30791> MERCHANT PRIV KEY LOAD OK
INFO	[2017-12-05 16:36:17:965] <30791> MERCHANT PUB KEY LOAD OK [0]
INFO	[2017-12-05 16:36:38:578] <25892> START INIPHP cancel (V5036-141209)(OS:Linux2.6.32-696.10.1.el6.x86_64,PHP:5.3.3)
DEBUG	[2017-12-05 16:36:38:578] <25892> inipayhome:/home/was/shop/shop/inicis
DEBUG	[2017-12-05 16:36:38:578] <25892> debug:false
DEBUG	[2017-12-05 16:36:38:578] <25892> type:cancel
DEBUG	[2017-12-05 16:36:38:578] <25892> mid:keydak0000
DEBUG	[2017-12-05 16:36:38:578] <25892> admin:1111
DEBUG	[2017-12-05 16:36:38:578] <25892> tid:StdpayVBNKkeydak000020171205163535762607
DEBUG	[2017-12-05 16:36:38:578] <25892> cancelmsg:주문자 본인 취소-결재방법
INFO	[2017-12-05 16:36:38:578] <25892> Check Field OK
INFO	[2017-12-05 16:36:38:578] <25892> PI PUB KEY LOAD OK []
INFO	[2017-12-05 16:36:38:578] <25892> PG PUB KEY LOAD OK [30]
INFO	[2017-12-05 16:36:38:579] <25892> MERCHANT PRIV KEY LOAD OK
INFO	[2017-12-05 16:36:38:579] <25892> MERCHANT PUB KEY LOAD OK [0]
