INFO	[2017-11-16 14:16:22:738] <22715> START INIPHP cancel (V5036-141209)(OS:Linux2.6.32-696.10.1.el6.x86_64,PHP:5.3.3)
DEBUG	[2017-11-16 14:16:22:738] <22715> inipayhome:/home/was/shop/shop/inicis
DEBUG	[2017-11-16 14:16:22:738] <22715> debug:false
DEBUG	[2017-11-16 14:16:22:738] <22715> type:cancel
DEBUG	[2017-11-16 14:16:22:738] <22715> tid:StdpayVBNKkeydak000020171116141616452779
DEBUG	[2017-11-16 14:16:22:738] <22715> cancelmsg:DB FAIL
ERROR	[2017-11-16 14:16:27:752] <22715> 필수항목(mid)이 누락되었습니다.
INFO	[2017-11-16 14:16:27:752] <22715> END cancel [TX9202|필수항목(mid)이 누락되었습니다.] Laptime:[5.015sec]
INFO	[2017-11-16 14:16:27:753] <22715> ===============================================================
INFO	[2017-11-16 14:20:20:428] <20744> START INIPHP cancel (V5036-141209)(OS:Linux2.6.32-696.10.1.el6.x86_64,PHP:5.3.3)
DEBUG	[2017-11-16 14:20:20:428] <20744> inipayhome:/home/was/shop/shop/inicis
DEBUG	[2017-11-16 14:20:20:428] <20744> debug:false
DEBUG	[2017-11-16 14:20:20:428] <20744> type:cancel
DEBUG	[2017-11-16 14:20:20:428] <20744> tid:StdpayVBNKkeydak000020171116142024252896
DEBUG	[2017-11-16 14:20:20:428] <20744> cancelmsg:DB FAIL
ERROR	[2017-11-16 14:20:30:458] <20744> 필수항목(mid)이 누락되었습니다.
INFO	[2017-11-16 14:20:30:458] <20744> END cancel [TX9202|필수항목(mid)이 누락되었습니다.] Laptime:[10.03sec]
INFO	[2017-11-16 14:20:30:458] <20744> ===============================================================
INFO	[2017-11-16 14:24:39:545] <20755> START INIPHP cancel (V5036-141209)(OS:Linux2.6.32-696.10.1.el6.x86_64,PHP:5.3.3)
DEBUG	[2017-11-16 14:24:39:545] <20755> inipayhome:/home/was/shop/shop/inicis
DEBUG	[2017-11-16 14:24:39:545] <20755> debug:false
DEBUG	[2017-11-16 14:24:39:545] <20755> type:cancel
DEBUG	[2017-11-16 14:24:39:545] <20755> tid:StdpayVBNKkeydak000020171116142428571190
DEBUG	[2017-11-16 14:24:39:545] <20755> cancelmsg:DB FAIL
ERROR	[2017-11-16 14:24:39:553] <20755> 필수항목(mid)이 누락되었습니다.
INFO	[2017-11-16 14:24:39:553] <20755> END cancel [TX9202|필수항목(mid)이 누락되었습니다.] Laptime:[0.008sec]
INFO	[2017-11-16 14:24:39:554] <20755> ===============================================================
INFO	[2017-11-16 14:54:10:186] <20750> START INIPHP cancel (V5036-141209)(OS:Linux2.6.32-696.10.1.el6.x86_64,PHP:5.3.3)
DEBUG	[2017-11-16 14:54:10:186] <20750> inipayhome:/home/was/shop/shop/inicis
DEBUG	[2017-11-16 14:54:10:186] <20750> debug:false
DEBUG	[2017-11-16 14:54:10:186] <20750> type:cancel
DEBUG	[2017-11-16 14:54:10:186] <20750> tid:StdpayVBNKkeydak000020171116145353874704
DEBUG	[2017-11-16 14:54:10:186] <20750> cancelmsg:DB FAIL
ERROR	[2017-11-16 14:54:15:202] <20750> 필수항목(mid)이 누락되었습니다.
INFO	[2017-11-16 14:54:15:202] <20750> END cancel [TX9202|필수항목(mid)이 누락되었습니다.] Laptime:[5.016sec]
INFO	[2017-11-16 14:54:15:202] <20750> ===============================================================
INFO	[2017-11-16 14:56:43:282] <22714> START INIPHP cancel (V5036-141209)(OS:Linux2.6.32-696.10.1.el6.x86_64,PHP:5.3.3)
DEBUG	[2017-11-16 14:56:43:282] <22714> inipayhome:/home/was/shop/shop/inicis
DEBUG	[2017-11-16 14:56:43:282] <22714> debug:false
DEBUG	[2017-11-16 14:56:43:282] <22714> type:cancel
DEBUG	[2017-11-16 14:56:43:282] <22714> tid:StdpayVBNKkeydak000020171116145626881178
DEBUG	[2017-11-16 14:56:43:282] <22714> cancelmsg:DB FAIL
ERROR	[2017-11-16 14:56:43:297] <22714> 필수항목(mid)이 누락되었습니다.
INFO	[2017-11-16 14:56:43:297] <22714> END cancel [TX9202|필수항목(mid)이 누락되었습니다.] Laptime:[0.014sec]
INFO	[2017-11-16 14:56:43:297] <22714> ===============================================================
