INFO	[2017-09-27 15:04:30:45] <29853> START INIPHP cancel (V5036-141209)(OS:Linux2.6.32-696.10.1.el6.x86_64,PHP:5.3.3)
DEBUG	[2017-09-27 15:04:30:45] <29853> inipayhome:/home/was/shop/shop/inicis
DEBUG	[2017-09-27 15:04:30:45] <29853> debug:false
DEBUG	[2017-09-27 15:04:30:45] <29853> type:cancel
DEBUG	[2017-09-27 15:04:30:45] <29853> mid:keydak0000
DEBUG	[2017-09-27 15:04:30:45] <29853> admin:1111
DEBUG	[2017-09-27 15:04:30:45] <29853> tid:StdpayCARDkeydak000020170926133517472733
DEBUG	[2017-09-27 15:04:30:45] <29853> cancelmsg:¼îÇÎ¸ô ¿î¿µÀÚ ½ÂÀÎ Ãë¼Ò
INFO	[2017-09-27 15:04:30:45] <29853> Check Field OK
INFO	[2017-09-27 15:04:30:45] <29853> PI PUB KEY LOAD OK []
INFO	[2017-09-27 15:04:30:46] <29853> PG PUB KEY LOAD OK [30]
INFO	[2017-09-27 15:04:30:46] <29853> MERCHANT PRIV KEY LOAD OK
INFO	[2017-09-27 15:04:30:46] <29853> MERCHANT PUB KEY LOAD OK [0]
INFO	[2017-09-27 15:05:00:135] <29850> START INIPHP cancel (V5036-141209)(OS:Linux2.6.32-696.10.1.el6.x86_64,PHP:5.3.3)
DEBUG	[2017-09-27 15:05:00:135] <29850> inipayhome:/home/was/shop/shop/inicis
DEBUG	[2017-09-27 15:05:00:135] <29850> debug:false
DEBUG	[2017-09-27 15:05:00:135] <29850> type:cancel
DEBUG	[2017-09-27 15:05:00:135] <29850> mid:keydak0000
DEBUG	[2017-09-27 15:05:00:135] <29850> admin:1111
DEBUG	[2017-09-27 15:05:00:135] <29850> tid:StdpayCARDkeydak000020170926133517472733
DEBUG	[2017-09-27 15:05:00:135] <29850> cancelmsg:¼îÇÎ¸ô ¿î¿µÀÚ ½ÂÀÎ Ãë¼Ò
INFO	[2017-09-27 15:05:00:135] <29850> Check Field OK
INFO	[2017-09-27 15:05:00:135] <29850> PI PUB KEY LOAD OK []
INFO	[2017-09-27 15:05:00:136] <29850> PG PUB KEY LOAD OK [30]
INFO	[2017-09-27 15:05:00:136] <29850> MERCHANT PRIV KEY LOAD OK
INFO	[2017-09-27 15:05:00:136] <29850> MERCHANT PUB KEY LOAD OK [0]
INFO	[2017-09-27 15:09:50:344] <28585> START INIPHP cancel (V5036-141209)(OS:Linux2.6.32-696.10.1.el6.x86_64,PHP:5.3.3)
DEBUG	[2017-09-27 15:09:50:344] <28585> inipayhome:/home/was/shop/shop/inicis
DEBUG	[2017-09-27 15:09:50:344] <28585> debug:false
DEBUG	[2017-09-27 15:09:50:344] <28585> type:cancel
DEBUG	[2017-09-27 15:09:50:344] <28585> mid:keydak0000
DEBUG	[2017-09-27 15:09:50:344] <28585> admin:1111
DEBUG	[2017-09-27 15:09:50:344] <28585> tid:StdpayCARDkeydak000020170926133517472733
DEBUG	[2017-09-27 15:09:50:344] <28585> cancelmsg:¼îÇÎ¸ô ¿î¿µÀÚ ½ÂÀÎ Ãë¼Ò
INFO	[2017-09-27 15:09:50:344] <28585> Check Field OK
INFO	[2017-09-27 15:09:50:344] <28585> PI PUB KEY LOAD OK []
INFO	[2017-09-27 15:09:50:345] <28585> PG PUB KEY LOAD OK [30]
INFO	[2017-09-27 15:09:50:345] <28585> MERCHANT PRIV KEY LOAD OK
INFO	[2017-09-27 15:09:50:345] <28585> MERCHANT PUB KEY LOAD OK [0]
