INFO	[2017-12-12 08:45:03:151] <29007> START INIPHP cancel (V5036-141209)(OS:Linux2.6.32-696.10.1.el6.x86_64,PHP:5.3.3)
DEBUG	[2017-12-12 08:45:03:151] <29007> inipayhome:/home/was/shop/shop/inicis
DEBUG	[2017-12-12 08:45:03:151] <29007> debug:false
DEBUG	[2017-12-12 08:45:03:151] <29007> type:cancel
DEBUG	[2017-12-12 08:45:03:151] <29007> mid:keydak0000
DEBUG	[2017-12-12 08:45:03:151] <29007> admin:1111
DEBUG	[2017-12-12 08:45:03:151] <29007> tid:StdpayVBNKkeydak000020171128155831606854
DEBUG	[2017-12-12 08:45:03:151] <29007> cancelmsg:주문자 본인 취소-.
INFO	[2017-12-12 08:45:03:151] <29007> Check Field OK
INFO	[2017-12-12 08:45:03:151] <29007> PI PUB KEY LOAD OK []
INFO	[2017-12-12 08:45:03:151] <29007> PG PUB KEY LOAD OK [30]
INFO	[2017-12-12 08:45:03:151] <29007> MERCHANT PRIV KEY LOAD OK
INFO	[2017-12-12 08:45:03:152] <29007> MERCHANT PUB KEY LOAD OK [0]
INFO	[2017-12-12 08:45:26:512] <22153> START INIPHP cancel (V5036-141209)(OS:Linux2.6.32-696.10.1.el6.x86_64,PHP:5.3.3)
DEBUG	[2017-12-12 08:45:26:512] <22153> inipayhome:/home/was/shop/shop/inicis
DEBUG	[2017-12-12 08:45:26:512] <22153> debug:false
DEBUG	[2017-12-12 08:45:26:512] <22153> type:cancel
DEBUG	[2017-12-12 08:45:26:512] <22153> mid:keydak0000
DEBUG	[2017-12-12 08:45:26:512] <22153> admin:1111
DEBUG	[2017-12-12 08:45:26:512] <22153> tid:StdpayVBNKkeydak000020171128155831606854
DEBUG	[2017-12-12 08:45:26:512] <22153> cancelmsg:주문자 본인 취소-,,
INFO	[2017-12-12 08:45:26:512] <22153> Check Field OK
INFO	[2017-12-12 08:45:26:512] <22153> PI PUB KEY LOAD OK []
INFO	[2017-12-12 08:45:26:512] <22153> PG PUB KEY LOAD OK [30]
INFO	[2017-12-12 08:45:26:512] <22153> MERCHANT PRIV KEY LOAD OK
INFO	[2017-12-12 08:45:26:512] <22153> MERCHANT PUB KEY LOAD OK [0]
INFO	[2017-12-12 11:22:41:81] <8417> START INIPHP cancel (V5036-141209)(OS:Linux2.6.32-696.10.1.el6.x86_64,PHP:5.3.3)
DEBUG	[2017-12-12 11:22:41:81] <8417> inipayhome:/home/was/shop/shop/inicis
DEBUG	[2017-12-12 11:22:41:81] <8417> debug:false
DEBUG	[2017-12-12 11:22:41:81] <8417> type:cancel
DEBUG	[2017-12-12 11:22:41:81] <8417> mid:keydak0000
DEBUG	[2017-12-12 11:22:41:81] <8417> admin:1111
DEBUG	[2017-12-12 11:22:41:81] <8417> tid:StdpayVBNKkeydak000020171128155831606854
DEBUG	[2017-12-12 11:22:41:81] <8417> cancelmsg:주문자 본인 취소-ㅁㅁㅁㅁ
INFO	[2017-12-12 11:22:41:81] <8417> Check Field OK
INFO	[2017-12-12 11:22:41:81] <8417> PI PUB KEY LOAD OK []
INFO	[2017-12-12 11:22:41:81] <8417> PG PUB KEY LOAD OK [30]
INFO	[2017-12-12 11:22:41:81] <8417> MERCHANT PRIV KEY LOAD OK
INFO	[2017-12-12 11:22:41:82] <8417> MERCHANT PUB KEY LOAD OK [0]
INFO	[2017-12-12 11:24:36:658] <19145> START INIPHP cancel (V5036-141209)(OS:Linux2.6.32-696.10.1.el6.x86_64,PHP:5.3.3)
DEBUG	[2017-12-12 11:24:36:658] <19145> inipayhome:/home/was/shop/shop/inicis
DEBUG	[2017-12-12 11:24:36:658] <19145> debug:false
DEBUG	[2017-12-12 11:24:36:658] <19145> type:cancel
DEBUG	[2017-12-12 11:24:36:658] <19145> mid:keydak0000
DEBUG	[2017-12-12 11:24:36:658] <19145> admin:1111
DEBUG	[2017-12-12 11:24:36:658] <19145> tid:StdpayVBNKkeydak000020171128155831606854
DEBUG	[2017-12-12 11:24:36:658] <19145> cancelmsg:주문자 본인 취소-ㅜㅜㅜ
INFO	[2017-12-12 11:24:36:658] <19145> Check Field OK
INFO	[2017-12-12 11:24:36:658] <19145> PI PUB KEY LOAD OK []
INFO	[2017-12-12 11:24:36:659] <19145> PG PUB KEY LOAD OK [30]
INFO	[2017-12-12 11:24:36:659] <19145> MERCHANT PRIV KEY LOAD OK
INFO	[2017-12-12 11:24:36:659] <19145> MERCHANT PUB KEY LOAD OK [0]
