INFO	[2017-11-30 11:26:43:346] <28426> START INIPHP cancel (V5036-141209)(OS:Linux2.6.32-696.10.1.el6.x86_64,PHP:5.3.3)
DEBUG	[2017-11-30 11:26:43:346] <28426> inipayhome:/home/was/shop/shop/inicis
DEBUG	[2017-11-30 11:26:43:346] <28426> debug:false
DEBUG	[2017-11-30 11:26:43:346] <28426> type:cancel
DEBUG	[2017-11-30 11:26:43:346] <28426> mid:keydak0000
DEBUG	[2017-11-30 11:26:43:346] <28426> admin:1111
DEBUG	[2017-11-30 11:26:43:346] <28426> tid:StdpayVBNKkeydak000020171128155831606854
DEBUG	[2017-11-30 11:26:43:346] <28426> cancelmsg:주문자 본인 취소-.
INFO	[2017-11-30 11:26:43:346] <28426> Check Field OK
INFO	[2017-11-30 11:26:43:346] <28426> PI PUB KEY LOAD OK []
INFO	[2017-11-30 11:26:43:347] <28426> PG PUB KEY LOAD OK [30]
INFO	[2017-11-30 11:26:43:347] <28426> MERCHANT PRIV KEY LOAD OK
INFO	[2017-11-30 11:26:43:347] <28426> MERCHANT PUB KEY LOAD OK [0]
INFO	[2017-11-30 11:27:44:330] <23137> START INIPHP cancel (V5036-141209)(OS:Linux2.6.32-696.10.1.el6.x86_64,PHP:5.3.3)
DEBUG	[2017-11-30 11:27:44:330] <23137> inipayhome:/home/was/shop/shop/inicis
DEBUG	[2017-11-30 11:27:44:330] <23137> debug:false
DEBUG	[2017-11-30 11:27:44:330] <23137> type:cancel
DEBUG	[2017-11-30 11:27:44:330] <23137> mid:keydak0000
DEBUG	[2017-11-30 11:27:44:330] <23137> admin:1111
DEBUG	[2017-11-30 11:27:44:330] <23137> tid:StdpayVBNKkeydak000020171128155831606854
DEBUG	[2017-11-30 11:27:44:330] <23137> cancelmsg:주문자 본인 취소-.
INFO	[2017-11-30 11:27:44:330] <23137> Check Field OK
INFO	[2017-11-30 11:27:44:330] <23137> PI PUB KEY LOAD OK []
INFO	[2017-11-30 11:27:44:331] <23137> PG PUB KEY LOAD OK [30]
INFO	[2017-11-30 11:27:44:331] <23137> MERCHANT PRIV KEY LOAD OK
INFO	[2017-11-30 11:27:44:331] <23137> MERCHANT PUB KEY LOAD OK [0]
INFO	[2017-11-30 11:28:05:749] <28420> START INIPHP cancel (V5036-141209)(OS:Linux2.6.32-696.10.1.el6.x86_64,PHP:5.3.3)
DEBUG	[2017-11-30 11:28:05:749] <28420> inipayhome:/home/was/shop/shop/inicis
DEBUG	[2017-11-30 11:28:05:749] <28420> debug:false
DEBUG	[2017-11-30 11:28:05:749] <28420> type:cancel
DEBUG	[2017-11-30 11:28:05:749] <28420> mid:keydak0000
DEBUG	[2017-11-30 11:28:05:749] <28420> admin:1111
DEBUG	[2017-11-30 11:28:05:749] <28420> tid:StdpayVBNKkeydak000020171128155831606854
DEBUG	[2017-11-30 11:28:05:749] <28420> cancelmsg:주문자 본인 취소-...
INFO	[2017-11-30 11:28:05:749] <28420> Check Field OK
INFO	[2017-11-30 11:28:05:749] <28420> PI PUB KEY LOAD OK []
INFO	[2017-11-30 11:28:05:749] <28420> PG PUB KEY LOAD OK [30]
INFO	[2017-11-30 11:28:05:749] <28420> MERCHANT PRIV KEY LOAD OK
INFO	[2017-11-30 11:28:05:749] <28420> MERCHANT PUB KEY LOAD OK [0]
