INFO	[2017-09-15 10:17:38:868] <15254> START INIPHP cancel (V5036-141209)(OS:Linux2.6.32-696.10.1.el6.x86_64,PHP:5.3.3)
DEBUG	[2017-09-15 10:17:38:868] <15254> inipayhome:/home/was/shop/shop/inicis
DEBUG	[2017-09-15 10:17:38:868] <15254> debug:false
DEBUG	[2017-09-15 10:17:38:868] <15254> type:cancel
DEBUG	[2017-09-15 10:17:38:868] <15254> mid:keydak0000
DEBUG	[2017-09-15 10:17:38:868] <15254> admin:1111
DEBUG	[2017-09-15 10:17:38:868] <15254> tid:StdpayVBNKkeydak000020170915095729946186
DEBUG	[2017-09-15 10:17:38:868] <15254> cancelmsg:주문자 본인 취소-테스트
INFO	[2017-09-15 10:17:38:869] <15254> Check Field OK
INFO	[2017-09-15 10:17:38:869] <15254> PI PUB KEY LOAD OK []
INFO	[2017-09-15 10:17:38:869] <15254> PG PUB KEY LOAD OK [30]
INFO	[2017-09-15 10:17:38:869] <15254> MERCHANT PRIV KEY LOAD OK
INFO	[2017-09-15 10:17:38:869] <15254> MERCHANT PUB KEY LOAD OK [0]
INFO	[2017-09-15 10:18:19:601] <15257> START INIPHP cancel (V5036-141209)(OS:Linux2.6.32-696.10.1.el6.x86_64,PHP:5.3.3)
DEBUG	[2017-09-15 10:18:19:601] <15257> inipayhome:/home/was/shop/shop/inicis
DEBUG	[2017-09-15 10:18:19:601] <15257> debug:false
DEBUG	[2017-09-15 10:18:19:601] <15257> type:cancel
DEBUG	[2017-09-15 10:18:19:601] <15257> mid:keydak0000
DEBUG	[2017-09-15 10:18:19:601] <15257> admin:1111
DEBUG	[2017-09-15 10:18:19:601] <15257> tid:StdpayVBNKkeydak000020170915095729946186
DEBUG	[2017-09-15 10:18:19:601] <15257> cancelmsg:주문자 본인 취소-테스트
INFO	[2017-09-15 10:18:19:601] <15257> Check Field OK
INFO	[2017-09-15 10:18:19:601] <15257> PI PUB KEY LOAD OK []
INFO	[2017-09-15 10:18:19:601] <15257> PG PUB KEY LOAD OK [30]
INFO	[2017-09-15 10:18:19:602] <15257> MERCHANT PRIV KEY LOAD OK
INFO	[2017-09-15 10:18:19:602] <15257> MERCHANT PUB KEY LOAD OK [0]
