INFO	[2017-10-02 12:29:32:153] <19352> START INIPHP repay (V5036-141209)(OS:Linux2.6.32-696.10.1.el6.x86_64,PHP:5.3.3)
DEBUG	[2017-10-02 12:29:32:153] <19352> inipayhome:/home/was/shop/shop/inicis
DEBUG	[2017-10-02 12:29:32:153] <19352> debug:true
DEBUG	[2017-10-02 12:29:32:153] <19352> type:repay
DEBUG	[2017-10-02 12:29:32:153] <19352> pgid:INIphpRPAY
DEBUG	[2017-10-02 12:29:32:153] <19352> subpgip:203.238.3.10
DEBUG	[2017-10-02 12:29:32:153] <19352> mid:keydak0000
DEBUG	[2017-10-02 12:29:32:153] <19352> admin:1111
DEBUG	[2017-10-02 12:29:32:153] <19352> oldtid:StdpayCARDkeydak000020171002111206055077
DEBUG	[2017-10-02 12:29:32:153] <19352> currency:WON
DEBUG	[2017-10-02 12:29:32:153] <19352> price:19860
DEBUG	[2017-10-02 12:29:32:153] <19352> confirm_price:27090
DEBUG	[2017-10-02 12:29:32:153] <19352> buyeremail:jun2ys@naver.com
DEBUG	[2017-10-02 12:29:32:153] <19352> tax:24627
DEBUG	[2017-10-02 12:29:32:153] <19352> taxfree:10
INFO	[2017-10-02 12:29:32:154] <19352> Check Field OK
INFO	[2017-10-02 12:29:32:154] <19352> Make TID OK INIphpRPAYkeydak000020171002122932546686
INFO	[2017-10-02 12:29:32:154] <19352> PI PUB KEY LOAD OK []
INFO	[2017-10-02 12:29:32:154] <19352> PG PUB KEY LOAD OK [30]
INFO	[2017-10-02 12:29:32:154] <19352> MERCHANT PRIV KEY LOAD OK
INFO	[2017-10-02 12:29:32:154] <19352> MERCHANT PUB KEY LOAD OK [0]
INFO	[2017-10-02 12:35:03:298] <23565> START INIPHP repay (V5036-141209)(OS:Linux2.6.32-696.10.1.el6.x86_64,PHP:5.3.3)
DEBUG	[2017-10-02 12:35:03:298] <23565> inipayhome:/home/was/shop/shop/inicis
DEBUG	[2017-10-02 12:35:03:298] <23565> debug:false
DEBUG	[2017-10-02 12:35:03:298] <23565> type:repay
DEBUG	[2017-10-02 12:35:03:298] <23565> pgid:INIphpRPAY
DEBUG	[2017-10-02 12:35:03:298] <23565> subpgip:203.238.3.10
DEBUG	[2017-10-02 12:35:03:298] <23565> mid:keydak0000
DEBUG	[2017-10-02 12:35:03:298] <23565> admin:1111
DEBUG	[2017-10-02 12:35:03:298] <23565> oldtid:StdpayCARDkeydak000020171002111206055077
DEBUG	[2017-10-02 12:35:03:298] <23565> currency:WON
DEBUG	[2017-10-02 12:35:03:298] <23565> price:19860
DEBUG	[2017-10-02 12:35:03:298] <23565> confirm_price:0
DEBUG	[2017-10-02 12:35:03:298] <23565> buyeremail:jun2ys@naver.com
DEBUG	[2017-10-02 12:35:03:298] <23565> tax:1805
DEBUG	[2017-10-02 12:35:03:298] <23565> taxfree:0
INFO	[2017-10-02 12:35:03:298] <23565> Check Field OK
INFO	[2017-10-02 12:35:03:298] <23565> Make TID OK INIphpRPAYkeydak000020171002123503989063
INFO	[2017-10-02 12:35:03:298] <23565> PI PUB KEY LOAD OK []
INFO	[2017-10-02 12:35:03:298] <23565> PG PUB KEY LOAD OK [30]
INFO	[2017-10-02 12:35:03:298] <23565> MERCHANT PRIV KEY LOAD OK
INFO	[2017-10-02 12:35:03:299] <23565> MERCHANT PUB KEY LOAD OK [0]
INFO	[2017-10-02 12:35:26:177] <8923> START INIPHP repay (V5036-141209)(OS:Linux2.6.32-696.10.1.el6.x86_64,PHP:5.3.3)
DEBUG	[2017-10-02 12:35:26:177] <8923> inipayhome:/home/was/shop/shop/inicis
DEBUG	[2017-10-02 12:35:26:177] <8923> debug:false
DEBUG	[2017-10-02 12:35:26:177] <8923> type:repay
DEBUG	[2017-10-02 12:35:26:177] <8923> pgid:INIphpRPAY
DEBUG	[2017-10-02 12:35:26:177] <8923> subpgip:203.238.3.10
DEBUG	[2017-10-02 12:35:26:177] <8923> mid:keydak0000
DEBUG	[2017-10-02 12:35:26:177] <8923> admin:1111
DEBUG	[2017-10-02 12:35:26:177] <8923> oldtid:StdpayCARDkeydak000020171002111206055077
DEBUG	[2017-10-02 12:35:26:177] <8923> currency:WON
DEBUG	[2017-10-02 12:35:26:177] <8923> price:19860
DEBUG	[2017-10-02 12:35:26:177] <8923> confirm_price:0
DEBUG	[2017-10-02 12:35:26:177] <8923> buyeremail:jun2ys@naver.com
DEBUG	[2017-10-02 12:35:26:177] <8923> tax:1805
DEBUG	[2017-10-02 12:35:26:177] <8923> taxfree:0
INFO	[2017-10-02 12:35:26:177] <8923> Check Field OK
INFO	[2017-10-02 12:35:26:178] <8923> Make TID OK INIphpRPAYkeydak000020171002123526777625
INFO	[2017-10-02 12:35:26:178] <8923> PI PUB KEY LOAD OK []
INFO	[2017-10-02 12:35:26:178] <8923> PG PUB KEY LOAD OK [30]
INFO	[2017-10-02 12:35:26:178] <8923> MERCHANT PRIV KEY LOAD OK
INFO	[2017-10-02 12:35:26:178] <8923> MERCHANT PUB KEY LOAD OK [0]
INFO	[2017-10-02 12:41:43:383] <29451> START INIPHP repay (V5036-141209)(OS:Linux2.6.32-696.10.1.el6.x86_64,PHP:5.3.3)
DEBUG	[2017-10-02 12:41:43:383] <29451> inipayhome:/home/was/shop/shop/inicis
DEBUG	[2017-10-02 12:41:43:383] <29451> debug:true
DEBUG	[2017-10-02 12:41:43:383] <29451> type:repay
DEBUG	[2017-10-02 12:41:43:383] <29451> pgid:INIphpRPAY
DEBUG	[2017-10-02 12:41:43:383] <29451> subpgip:203.238.3.10
DEBUG	[2017-10-02 12:41:43:383] <29451> mid:keydak0000
DEBUG	[2017-10-02 12:41:43:383] <29451> admin:1111
DEBUG	[2017-10-02 12:41:43:383] <29451> oldtid:StdpayCARDkeydak000020171002111206055077
DEBUG	[2017-10-02 12:41:43:383] <29451> currency:WON
DEBUG	[2017-10-02 12:41:43:383] <29451> price:19860
DEBUG	[2017-10-02 12:41:43:383] <29451> confirm_price:27090
DEBUG	[2017-10-02 12:41:43:383] <29451> buyeremail:jun2ys@naver.com
DEBUG	[2017-10-02 12:41:43:383] <29451> tax:24627
DEBUG	[2017-10-02 12:41:43:383] <29451> taxfree:10
INFO	[2017-10-02 12:41:43:383] <29451> Check Field OK
INFO	[2017-10-02 12:41:43:383] <29451> Make TID OK INIphpRPAYkeydak000020171002124143837213
INFO	[2017-10-02 12:41:43:383] <29451> PI PUB KEY LOAD OK []
INFO	[2017-10-02 12:41:43:383] <29451> PG PUB KEY LOAD OK [30]
INFO	[2017-10-02 12:41:43:384] <29451> MERCHANT PRIV KEY LOAD OK
INFO	[2017-10-02 12:41:43:384] <29451> MERCHANT PUB KEY LOAD OK [0]
INFO	[2017-10-02 12:49:37:682] <8923> START INIPHP repay (V5036-141209)(OS:Linux2.6.32-696.10.1.el6.x86_64,PHP:5.3.3)
DEBUG	[2017-10-02 12:49:37:682] <8923> inipayhome:/home/was/shop/shop/inicis
DEBUG	[2017-10-02 12:49:37:682] <8923> debug:true
DEBUG	[2017-10-02 12:49:37:682] <8923> type:repay
DEBUG	[2017-10-02 12:49:37:682] <8923> pgid:INIphpRPAY
DEBUG	[2017-10-02 12:49:37:682] <8923> subpgip:203.238.3.10
DEBUG	[2017-10-02 12:49:37:682] <8923> mid:keydak0000
DEBUG	[2017-10-02 12:49:37:682] <8923> admin:1111
DEBUG	[2017-10-02 12:49:37:682] <8923> oldtid:StdpayCARDkeydak000020171002111206055077
DEBUG	[2017-10-02 12:49:37:682] <8923> currency:WON
DEBUG	[2017-10-02 12:49:37:682] <8923> price:19860
DEBUG	[2017-10-02 12:49:37:682] <8923> confirm_price:27090
DEBUG	[2017-10-02 12:49:37:682] <8923> buyeremail:jun2ys@naver.com
DEBUG	[2017-10-02 12:49:37:682] <8923> tax:19860
DEBUG	[2017-10-02 12:49:37:682] <8923> taxfree:0
INFO	[2017-10-02 12:49:37:682] <8923> Check Field OK
INFO	[2017-10-02 12:49:37:683] <8923> Make TID OK INIphpRPAYkeydak000020171002124937822134
INFO	[2017-10-02 12:49:37:683] <8923> PI PUB KEY LOAD OK []
INFO	[2017-10-02 12:49:37:683] <8923> PG PUB KEY LOAD OK [30]
INFO	[2017-10-02 12:49:37:683] <8923> MERCHANT PRIV KEY LOAD OK
INFO	[2017-10-02 12:49:37:683] <8923> MERCHANT PUB KEY LOAD OK [0]
