INFO	[2017-09-14 17:27:44:52] <15256> START INIPHP cancel (V5036-141209)(OS:Linux2.6.32-696.10.1.el6.x86_64,PHP:5.3.3)
DEBUG	[2017-09-14 17:27:44:52] <15256> inipayhome:/home/was/shop/shop/inicis
DEBUG	[2017-09-14 17:27:44:52] <15256> debug:false
DEBUG	[2017-09-14 17:27:44:52] <15256> type:cancel
DEBUG	[2017-09-14 17:27:44:52] <15256> mid:keydak0000
DEBUG	[2017-09-14 17:27:44:52] <15256> admin:1111
DEBUG	[2017-09-14 17:27:44:52] <15256> tid:StdpayCARDkeydak000020170914164419081293
DEBUG	[2017-09-14 17:27:44:52] <15256> cancelmsg:¼îÇÎ¸ô ¿î¿µÀÚ ½ÂÀÎ Ãë¼Ò
INFO	[2017-09-14 17:27:44:52] <15256> Check Field OK
INFO	[2017-09-14 17:27:44:52] <15256> PI PUB KEY LOAD OK []
INFO	[2017-09-14 17:27:44:52] <15256> PG PUB KEY LOAD OK [30]
INFO	[2017-09-14 17:27:44:52] <15256> MERCHANT PRIV KEY LOAD OK
INFO	[2017-09-14 17:27:44:53] <15256> MERCHANT PUB KEY LOAD OK [0]
INFO	[2017-09-14 17:29:02:180] <15351> START INIPHP cancel (V5036-141209)(OS:Linux2.6.32-696.10.1.el6.x86_64,PHP:5.3.3)
DEBUG	[2017-09-14 17:29:02:180] <15351> inipayhome:/home/was/shop/shop/inicis
DEBUG	[2017-09-14 17:29:02:180] <15351> debug:false
DEBUG	[2017-09-14 17:29:02:180] <15351> type:cancel
DEBUG	[2017-09-14 17:29:02:180] <15351> mid:keydak0000
DEBUG	[2017-09-14 17:29:02:180] <15351> admin:1111
DEBUG	[2017-09-14 17:29:02:180] <15351> tid:StdpayCARDkeydak000020170914164419081293
DEBUG	[2017-09-14 17:29:02:180] <15351> cancelmsg:¼îÇÎ¸ô ¿î¿µÀÚ ½ÂÀÎ Ãë¼Ò
INFO	[2017-09-14 17:29:02:180] <15351> Check Field OK
INFO	[2017-09-14 17:29:02:180] <15351> PI PUB KEY LOAD OK []
INFO	[2017-09-14 17:29:02:180] <15351> PG PUB KEY LOAD OK [30]
INFO	[2017-09-14 17:29:02:180] <15351> MERCHANT PRIV KEY LOAD OK
INFO	[2017-09-14 17:29:02:181] <15351> MERCHANT PUB KEY LOAD OK [0]
INFO	[2017-09-14 17:29:12:836] <15251> START INIPHP cancel (V5036-141209)(OS:Linux2.6.32-696.10.1.el6.x86_64,PHP:5.3.3)
DEBUG	[2017-09-14 17:29:12:836] <15251> inipayhome:/home/was/shop/shop/inicis
DEBUG	[2017-09-14 17:29:12:836] <15251> debug:false
DEBUG	[2017-09-14 17:29:12:836] <15251> type:cancel
DEBUG	[2017-09-14 17:29:12:836] <15251> mid:keydak0000
DEBUG	[2017-09-14 17:29:12:836] <15251> admin:1111
DEBUG	[2017-09-14 17:29:12:836] <15251> tid:StdpayCARDkeydak000020170914164419081293
DEBUG	[2017-09-14 17:29:12:836] <15251> cancelmsg:¼îÇÎ¸ô ¿î¿µÀÚ ½ÂÀÎ Ãë¼Ò
INFO	[2017-09-14 17:29:12:836] <15251> Check Field OK
INFO	[2017-09-14 17:29:12:836] <15251> PI PUB KEY LOAD OK []
INFO	[2017-09-14 17:29:12:837] <15251> PG PUB KEY LOAD OK [30]
INFO	[2017-09-14 17:29:12:837] <15251> MERCHANT PRIV KEY LOAD OK
INFO	[2017-09-14 17:29:12:837] <15251> MERCHANT PUB KEY LOAD OK [0]
INFO	[2017-09-14 17:36:37:649] <15255> START INIPHP cancel (V5036-141209)(OS:Linux2.6.32-696.10.1.el6.x86_64,PHP:5.3.3)
DEBUG	[2017-09-14 17:36:37:649] <15255> inipayhome:/home/was/shop/shop/inicis
DEBUG	[2017-09-14 17:36:37:649] <15255> debug:false
DEBUG	[2017-09-14 17:36:37:649] <15255> type:cancel
DEBUG	[2017-09-14 17:36:37:649] <15255> mid:keydak0000
DEBUG	[2017-09-14 17:36:37:649] <15255> admin:1111
DEBUG	[2017-09-14 17:36:37:649] <15255> tid:StdpayCARDkeydak000020170914164419081293
DEBUG	[2017-09-14 17:36:37:649] <15255> cancelmsg:¼îÇÎ¸ô ¿î¿µÀÚ ½ÂÀÎ Ãë¼Ò
INFO	[2017-09-14 17:36:37:649] <15255> Check Field OK
INFO	[2017-09-14 17:36:37:649] <15255> PI PUB KEY LOAD OK []
INFO	[2017-09-14 17:36:37:650] <15255> PG PUB KEY LOAD OK [30]
INFO	[2017-09-14 17:36:37:650] <15255> MERCHANT PRIV KEY LOAD OK
INFO	[2017-09-14 17:36:37:650] <15255> MERCHANT PUB KEY LOAD OK [0]
