INFO	[2018-07-09 15:33:51:559] <3404> START INIPHP cancel (V5036-141209)(OS:Linux2.6.32-696.16.1.el6.x86_64,PHP:5.3.3)
DEBUG	[2018-07-09 15:33:51:559] <3404> inipayhome:/home/was/shop/shop/inicis
DEBUG	[2018-07-09 15:33:51:559] <3404> debug:false
DEBUG	[2018-07-09 15:33:51:559] <3404> type:cancel
DEBUG	[2018-07-09 15:33:51:559] <3404> mid:keydak0000
DEBUG	[2018-07-09 15:33:51:559] <3404> admin:1111
DEBUG	[2018-07-09 15:33:51:559] <3404> tid:StdpayVBNKkeydak000020180709153329010950
DEBUG	[2018-07-09 15:33:51:559] <3404> cancelmsg:ÁÖ¹®ÀÚ º»ÀÎ Ãë¼Ò-Å×½ºÆ®
INFO	[2018-07-09 15:33:51:559] <3404> Check Field OK
INFO	[2018-07-09 15:33:51:559] <3404> PI PUB KEY LOAD OK []
INFO	[2018-07-09 15:33:51:561] <3404> PG PUB KEY LOAD OK [30]
INFO	[2018-07-09 15:33:51:562] <3404> MERCHANT PRIV KEY LOAD OK
INFO	[2018-07-09 15:33:51:562] <3404> MERCHANT PUB KEY LOAD OK [0]
DEBUG	[2018-07-09 15:33:51:564] <3404> MAKE ENCRYPT OK[<?xml version="1.0" encoding="UTF-8"?>
<CancelInfo>
	  <CancelTID>StdpayVBNKkeydak000020180709153329010950</CancelTID>
	  <CancelMsg urlencode="1">%C1%D6%B9%AE%C0%DA+%BA%BB%C0%CE+%C3%EB%BC%D2-%C5%D7%BD%BA%C6%AE</CancelMsg>
	  <CancelReason/></CancelInfo>]
INFO	[2018-07-09 15:33:51:564] <3404> MAKE BODY OK
INFO	[2018-07-09 15:33:51:566] <3404> SIGN OK
INFO	[2018-07-09 15:33:51:566] <3404> MAKE HEAD OK
INFO	[2018-07-09 15:33:51:566] <3404> MSG_TO_PG:[0096200175D SHA1                   0                                      300420keydak0000                    StdpayVBNKkeydak000020180709153329010950<?xml version="1.0" encoding="UTF-8"?>
<INIpay>
	  <CancelInfo>
	    <SessionKey>BuI20hpIb6OicAnObmO4elw+Q/siiQqxTW4HbkITVxZ2NQHYB4tz48tag1hFfyQ2
UzVwfJ3uYD/lp4WGDNbB9RP9jb4fywLZBki+03a62wyCH93jA4nPOXYpW419llZV
pZ2LjhZGN3RcxJkKi9nrXQHOODlpGKbDURl8jlHKBU+z2rVDFvJ5Ew==
</SessionKey>
	    <Encrypted>MWNBFKKjJNE22OWe1mM81inMVNuhbhZtN+7m5+Pxo1twf38NYFP11p+ufybHQNFa
u+nHaxomV1KbFLVu18ESBdvKLav9Z1kqy5hVcj7QF8xLVySWMAQorU5IBzhNVfra
kPMrBXkCVdFiYKuEoBMe6oNW7wcNXm1cx3ft2ak+fZA9xCymRcwFKwBb5mP8dmuq
q5uEwDxDWf0OJJgrc8Jau1mn5dH620h8JXmXsSL5qoLqGp/Ci0XmJBN2qKrS/Zsm
pOvovr/mndHlUymhu0x2ed+GOkiGIJxKJu+SXE5/eWXgh2eeqUgYo6ElnER6zn3M
CO+pESkWujrRTWV6PBFzJQ==
</Encrypted></CancelInfo>
	  <ReservedInfo>
	    <MReserved1/>
	    <MReserved2/>
	    <MReserved3/></ReservedInfo>
	  <ManageInfo>
	    <Language/>
	    <URL/>
	    <TXVersion>5036B141209canceLinux     PHPchkfake   2.6.32-696.16.1.el6.x86_64PHP:</TXVersion>
	    <TXUserID/>
	    <TXRegNum/></ManageInfo></INIpay>AOlHnVGO23d1edkyldOMNmGrvS+IZnpxw6C7uO5nFMM43q4uqEK/tRV4rC0Vwn1o
PPD7ixDbnk3zO1Ar6BXVJikJdCGUDUFQwNL0Kph+qc8RHPUucVLQ+Aa+1YwEUoHQ
pOivtyFzZok4NKoSlQO8ENbngNr1MuQkzSjIAj89w37O
]
INFO	[2018-07-09 15:33:51:567] <3404> DNS LOOKUP OK(203.238.37.3:203.238.37.3:34049) laptime:0.001
ERROR	[2018-07-09 15:33:56:571] <3404> [203.238.37.3ì†Œì¼“ì—°ê²°ì˜¤ë¥˜(MAIN)::PG2ë¡œ ì „í™˜
INFO	[2018-07-09 15:33:56:674] <3404> DNS LOOKUP OK(drpg.inicis.com:211.219.96.180:34049) laptime:0.089
ERROR	[2018-07-09 15:34:01:679] <3404> [drpg.inicis.comì†Œì¼“ì—°ê²°ì˜¤ë¥˜(MAIN)::(115)(Operation now in progress)
INFO	[2018-07-09 15:34:01:689] <3404> END cancel [TX9509|[drpg.inicis.comì†Œì¼“ì—°ê²°ì˜¤ë¥˜(MAIN)::(115)(Operation now in progress)] Laptime:[10.13sec]
INFO	[2018-07-09 15:34:01:689] <3404> ===============================================================
