INFO	[2018-01-15 16:23:30:886] <6192> START INIPHP cancel (V5036-141209)(OS:Linux2.6.32-696.16.1.el6.x86_64,PHP:5.3.3)
DEBUG	[2018-01-15 16:23:30:886] <6192> inipayhome:/home/was/shop/shop/inicis
DEBUG	[2018-01-15 16:23:30:886] <6192> debug:false
DEBUG	[2018-01-15 16:23:30:886] <6192> type:cancel
DEBUG	[2018-01-15 16:23:30:886] <6192> mid:keydak0000
DEBUG	[2018-01-15 16:23:30:886] <6192> admin:1111
DEBUG	[2018-01-15 16:23:30:886] <6192> tid:StdpayVBNKkeydak000020180115162215050332
DEBUG	[2018-01-15 16:23:30:886] <6192> cancelmsg:주문자 본인 취소-수량입력오류
INFO	[2018-01-15 16:23:30:886] <6192> Check Field OK
INFO	[2018-01-15 16:23:30:886] <6192> PI PUB KEY LOAD OK []
INFO	[2018-01-15 16:23:30:888] <6192> PG PUB KEY LOAD OK [30]
INFO	[2018-01-15 16:23:30:889] <6192> MERCHANT PRIV KEY LOAD OK
INFO	[2018-01-15 16:23:30:889] <6192> MERCHANT PUB KEY LOAD OK [0]
INFO	[2018-01-15 16:24:10:482] <32489> START INIPHP cancel (V5036-141209)(OS:Linux2.6.32-696.16.1.el6.x86_64,PHP:5.3.3)
DEBUG	[2018-01-15 16:24:10:482] <32489> inipayhome:/home/was/shop/shop/inicis
DEBUG	[2018-01-15 16:24:10:482] <32489> debug:false
DEBUG	[2018-01-15 16:24:10:482] <32489> type:cancel
DEBUG	[2018-01-15 16:24:10:482] <32489> mid:keydak0000
DEBUG	[2018-01-15 16:24:10:482] <32489> admin:1111
DEBUG	[2018-01-15 16:24:10:482] <32489> tid:StdpayVBNKkeydak000020180115162215050332
DEBUG	[2018-01-15 16:24:10:482] <32489> cancelmsg:주문자 본인 취소-수량입력오류
INFO	[2018-01-15 16:24:10:482] <32489> Check Field OK
INFO	[2018-01-15 16:24:10:482] <32489> PI PUB KEY LOAD OK []
INFO	[2018-01-15 16:24:10:482] <32489> PG PUB KEY LOAD OK [30]
INFO	[2018-01-15 16:24:10:483] <32489> MERCHANT PRIV KEY LOAD OK
INFO	[2018-01-15 16:24:10:483] <32489> MERCHANT PUB KEY LOAD OK [0]
