INFO	[2017-11-06 12:22:44:622] <14704> START INIPHP cancel (V5036-141209)(OS:Linux2.6.32-696.10.1.el6.x86_64,PHP:5.3.3)
DEBUG	[2017-11-06 12:22:44:622] <14704> inipayhome:/home/was/shop/shop/inicis
DEBUG	[2017-11-06 12:22:44:622] <14704> debug:false
DEBUG	[2017-11-06 12:22:44:622] <14704> type:cancel
DEBUG	[2017-11-06 12:22:44:622] <14704> mid:keydak0000
DEBUG	[2017-11-06 12:22:44:622] <14704> admin:1111
DEBUG	[2017-11-06 12:22:44:622] <14704> tid:StdpayVBNKkeydak000020171106121302230471
DEBUG	[2017-11-06 12:22:44:622] <14704> cancelmsg:주문자 본인 취소-입금이  안되 다시  주문합니다.
INFO	[2017-11-06 12:22:44:622] <14704> Check Field OK
INFO	[2017-11-06 12:22:44:622] <14704> PI PUB KEY LOAD OK []
INFO	[2017-11-06 12:22:44:623] <14704> PG PUB KEY LOAD OK [30]
INFO	[2017-11-06 12:22:44:623] <14704> MERCHANT PRIV KEY LOAD OK
INFO	[2017-11-06 12:22:44:623] <14704> MERCHANT PUB KEY LOAD OK [0]
INFO	[2017-11-06 12:22:55:743] <9386> START INIPHP cancel (V5036-141209)(OS:Linux2.6.32-696.10.1.el6.x86_64,PHP:5.3.3)
DEBUG	[2017-11-06 12:22:55:743] <9386> inipayhome:/home/was/shop/shop/inicis
DEBUG	[2017-11-06 12:22:55:743] <9386> debug:false
DEBUG	[2017-11-06 12:22:55:743] <9386> type:cancel
DEBUG	[2017-11-06 12:22:55:743] <9386> mid:keydak0000
DEBUG	[2017-11-06 12:22:55:743] <9386> admin:1111
DEBUG	[2017-11-06 12:22:55:743] <9386> tid:StdpayVBNKkeydak000020171106121302230471
DEBUG	[2017-11-06 12:22:55:743] <9386> cancelmsg:주문자 본인 취소-,
INFO	[2017-11-06 12:22:55:743] <9386> Check Field OK
INFO	[2017-11-06 12:22:55:743] <9386> PI PUB KEY LOAD OK []
INFO	[2017-11-06 12:22:55:743] <9386> PG PUB KEY LOAD OK [30]
INFO	[2017-11-06 12:22:55:743] <9386> MERCHANT PRIV KEY LOAD OK
INFO	[2017-11-06 12:22:55:744] <9386> MERCHANT PUB KEY LOAD OK [0]
INFO	[2017-11-06 12:23:48:653] <9383> START INIPHP cancel (V5036-141209)(OS:Linux2.6.32-696.10.1.el6.x86_64,PHP:5.3.3)
DEBUG	[2017-11-06 12:23:48:653] <9383> inipayhome:/home/was/shop/shop/inicis
DEBUG	[2017-11-06 12:23:48:653] <9383> debug:false
DEBUG	[2017-11-06 12:23:48:653] <9383> type:cancel
DEBUG	[2017-11-06 12:23:48:653] <9383> mid:keydak0000
DEBUG	[2017-11-06 12:23:48:653] <9383> admin:1111
DEBUG	[2017-11-06 12:23:48:653] <9383> tid:StdpayVBNKkeydak000020171106121302230471
DEBUG	[2017-11-06 12:23:48:653] <9383> cancelmsg:주문자 본인 취소-가상계좌 입금이 안되요
INFO	[2017-11-06 12:23:48:653] <9383> Check Field OK
INFO	[2017-11-06 12:23:48:653] <9383> PI PUB KEY LOAD OK []
INFO	[2017-11-06 12:23:48:654] <9383> PG PUB KEY LOAD OK [30]
INFO	[2017-11-06 12:23:48:654] <9383> MERCHANT PRIV KEY LOAD OK
INFO	[2017-11-06 12:23:48:654] <9383> MERCHANT PUB KEY LOAD OK [0]
INFO	[2017-11-06 17:57:39:559] <9383> START INIPHP cancel (V5036-141209)(OS:Linux2.6.32-696.10.1.el6.x86_64,PHP:5.3.3)
DEBUG	[2017-11-06 17:57:39:559] <9383> inipayhome:/home/was/shop/shop/inicis
DEBUG	[2017-11-06 17:57:39:559] <9383> debug:false
DEBUG	[2017-11-06 17:57:39:559] <9383> type:cancel
DEBUG	[2017-11-06 17:57:39:559] <9383> mid:keydak0000
DEBUG	[2017-11-06 17:57:39:559] <9383> admin:1111
DEBUG	[2017-11-06 17:57:39:559] <9383> tid:StdpayVBNKkeydak000020171106171511302712
DEBUG	[2017-11-06 17:57:39:559] <9383> cancelmsg:주문자 본인 취소-.
INFO	[2017-11-06 17:57:39:559] <9383> Check Field OK
INFO	[2017-11-06 17:57:39:559] <9383> PI PUB KEY LOAD OK []
INFO	[2017-11-06 17:57:39:559] <9383> PG PUB KEY LOAD OK [30]
INFO	[2017-11-06 17:57:39:559] <9383> MERCHANT PRIV KEY LOAD OK
INFO	[2017-11-06 17:57:39:559] <9383> MERCHANT PUB KEY LOAD OK [0]
INFO	[2017-11-06 17:58:00:504] <14703> START INIPHP cancel (V5036-141209)(OS:Linux2.6.32-696.10.1.el6.x86_64,PHP:5.3.3)
DEBUG	[2017-11-06 17:58:00:505] <14703> inipayhome:/home/was/shop/shop/inicis
DEBUG	[2017-11-06 17:58:00:505] <14703> debug:false
DEBUG	[2017-11-06 17:58:00:505] <14703> type:cancel
DEBUG	[2017-11-06 17:58:00:505] <14703> mid:keydak0000
DEBUG	[2017-11-06 17:58:00:505] <14703> admin:1111
DEBUG	[2017-11-06 17:58:00:505] <14703> tid:StdpayVBNKkeydak000020171106171511302712
DEBUG	[2017-11-06 17:58:00:505] <14703> cancelmsg:주문자 본인 취소-너무많은양을구매해서
INFO	[2017-11-06 17:58:00:505] <14703> Check Field OK
INFO	[2017-11-06 17:58:00:505] <14703> PI PUB KEY LOAD OK []
INFO	[2017-11-06 17:58:00:505] <14703> PG PUB KEY LOAD OK [30]
INFO	[2017-11-06 17:58:00:505] <14703> MERCHANT PRIV KEY LOAD OK
INFO	[2017-11-06 17:58:00:505] <14703> MERCHANT PUB KEY LOAD OK [0]
