INFO	[2018-01-22 09:34:36:121] <5058> START INIPHP cancel (V5036-141209)(OS:Linux2.6.32-696.16.1.el6.x86_64,PHP:5.3.3)
DEBUG	[2018-01-22 09:34:36:121] <5058> inipayhome:/home/was/shop/shop/inicis
DEBUG	[2018-01-22 09:34:36:121] <5058> debug:false
DEBUG	[2018-01-22 09:34:36:121] <5058> type:cancel
DEBUG	[2018-01-22 09:34:36:121] <5058> mid:keydak0000
DEBUG	[2018-01-22 09:34:36:121] <5058> admin:1111
DEBUG	[2018-01-22 09:34:36:121] <5058> tid:StdpayVBNKkeydak000020180122091909911494
DEBUG	[2018-01-22 09:34:36:121] <5058> cancelmsg:주문자 본인 취소-재구매
INFO	[2018-01-22 09:34:36:121] <5058> Check Field OK
INFO	[2018-01-22 09:34:36:121] <5058> PI PUB KEY LOAD OK []
INFO	[2018-01-22 09:34:36:124] <5058> PG PUB KEY LOAD OK [30]
INFO	[2018-01-22 09:34:36:124] <5058> MERCHANT PRIV KEY LOAD OK
INFO	[2018-01-22 09:34:36:124] <5058> MERCHANT PUB KEY LOAD OK [0]
INFO	[2018-01-22 11:40:04:181] <20661> START INIPHP cancel (V5036-141209)(OS:Linux2.6.32-696.16.1.el6.x86_64,PHP:5.3.3)
DEBUG	[2018-01-22 11:40:04:181] <20661> inipayhome:/home/was/shop/shop/inicis
DEBUG	[2018-01-22 11:40:04:181] <20661> debug:false
DEBUG	[2018-01-22 11:40:04:181] <20661> type:cancel
DEBUG	[2018-01-22 11:40:04:181] <20661> mid:keydak0000
DEBUG	[2018-01-22 11:40:04:181] <20661> admin:1111
DEBUG	[2018-01-22 11:40:04:181] <20661> tid:StdpayVBNKkeydak000020180122091909911494
DEBUG	[2018-01-22 11:40:04:181] <20661> cancelmsg:주문자 본인 취소-다시결제
INFO	[2018-01-22 11:40:04:181] <20661> Check Field OK
INFO	[2018-01-22 11:40:04:181] <20661> PI PUB KEY LOAD OK []
INFO	[2018-01-22 11:40:04:181] <20661> PG PUB KEY LOAD OK [30]
INFO	[2018-01-22 11:40:04:181] <20661> MERCHANT PRIV KEY LOAD OK
INFO	[2018-01-22 11:40:04:182] <20661> MERCHANT PUB KEY LOAD OK [0]
INFO	[2018-01-22 11:45:25:622] <20424> START INIPHP cancel (V5036-141209)(OS:Linux2.6.32-696.16.1.el6.x86_64,PHP:5.3.3)
DEBUG	[2018-01-22 11:45:25:622] <20424> inipayhome:/home/was/shop/shop/inicis
DEBUG	[2018-01-22 11:45:25:622] <20424> debug:false
DEBUG	[2018-01-22 11:45:25:622] <20424> type:cancel
DEBUG	[2018-01-22 11:45:25:622] <20424> mid:keydak0000
DEBUG	[2018-01-22 11:45:25:622] <20424> admin:1111
DEBUG	[2018-01-22 11:45:25:622] <20424> tid:StdpayVBNKkeydak000020180122091909911494
DEBUG	[2018-01-22 11:45:25:622] <20424> cancelmsg:주문자 본인 취소-재결제
INFO	[2018-01-22 11:45:25:622] <20424> Check Field OK
INFO	[2018-01-22 11:45:25:622] <20424> PI PUB KEY LOAD OK []
INFO	[2018-01-22 11:45:25:623] <20424> PG PUB KEY LOAD OK [30]
INFO	[2018-01-22 11:45:25:623] <20424> MERCHANT PRIV KEY LOAD OK
INFO	[2018-01-22 11:45:25:623] <20424> MERCHANT PUB KEY LOAD OK [0]
